<?xml version="1.0" encoding="UTF-8"?>
<!-- Generated by org.testng.reporters.JUnitXMLReporter -->
<testsuite ignored="0" hostname="DESKTOP-HNG5JPV" failures="0" tests="5" name="Default test" time="16.942" errors="0" timestamp="2026-04-03T08:51:41 IST">
  <testcase classname="com.FW.HybirdDriven" name="input" time="7.806"/>
  <testcase classname="com.FW.HybirdDriven" name="input" time="2.101"/>
  <testcase classname="com.FW.HybirdDriven" name="input" time="2.068"/>
  <testcase classname="com.FW.HybirdDriven" name="input" time="4.123"/>
  <testcase classname="com.FW.HybirdDriven" name="input" time="0.138"/>
</testsuite> <!-- Default test -->
