<?xml version="1.0" encoding="UTF-8"?>
<testng-results ignored="0" total="1" passed="1" failed="0" skipped="0">
  <reporter-output>
  </reporter-output>
  <suite started-at="2026-04-01T09:10:19 IST" name="Default suite" finished-at="2026-04-01T09:11:09 IST" duration-ms="49745">
    <groups>
    </groups>
    <test started-at="2026-04-01T09:10:19 IST" name="Default test" finished-at="2026-04-01T09:11:09 IST" duration-ms="49745">
      <class name="com.FW.DataDriven">
        <test-method signature="input()[pri:0, instance:com.FW.DataDriven@16d04d3d]" started-at="2026-04-01T09:10:19 IST" name="input" finished-at="2026-04-01T09:11:09 IST" duration-ms="49667" status="PASS">
          <reporter-output>
          </reporter-output>
        </test-method> <!-- input -->
      </class> <!-- com.FW.DataDriven -->
    </test> <!-- Default test -->
  </suite> <!-- Default suite -->
</testng-results>
