<?xml version="1.0" encoding="UTF-8"?>
<!-- Generated by org.testng.reporters.JUnitReportReporter -->
<testsuite hostname="DESKTOP-HNG5JPV" failures="0" tests="5" name="com.testng.TestNG_depends_on" time="16.023" errors="0" timestamp="2026-03-27T08:55:59 IST" skipped="0">
  <testcase classname="com.testng.TestNG_depends_on" name="before" time="7.601"/>
  <testcase classname="com.testng.TestNG_depends_on" name="clickLogin" time="4.131"/>
  <testcase classname="com.testng.TestNG_depends_on" name="enterPassword" time="2.060"/>
  <testcase classname="com.testng.TestNG_depends_on" name="enterUsername" time="2.090"/>
  <testcase classname="com.testng.TestNG_depends_on" name="after" time="0.141"/>
</testsuite> <!-- com.testng.TestNG_depends_on -->
