<?xml version="1.0" encoding="UTF-8"?>
<!-- Generated by org.testng.reporters.JUnitReportReporter -->
<testsuite hostname="DESKTOP-HNG5JPV" failures="0" tests="5" name="com.FW.HybirdDriven" time="16.236" errors="0" timestamp="2026-04-03T08:51:41 IST" skipped="0">
  <testcase classname="com.FW.HybirdDriven" name="input" time="7.806"/>
  <testcase classname="com.FW.HybirdDriven" name="input" time="4.123"/>
  <testcase classname="com.FW.HybirdDriven" name="input" time="2.068"/>
  <testcase classname="com.FW.HybirdDriven" name="input" time="0.138"/>
  <testcase classname="com.FW.HybirdDriven" name="input" time="2.101"/>
</testsuite> <!-- com.FW.HybirdDriven -->
