<?xml version="1.0" encoding="UTF-8"?>
<!-- Generated by org.testng.reporters.JUnitReportReporter -->
<testsuite hostname="DESKTOP-HNG5JPV" failures="0" tests="3" name="com.testng.TestNGGroup" time="0.023" errors="0" timestamp="2026-03-30T08:29:01 IST" skipped="0">
  <testcase classname="com.testng.TestNGGroup" name="green2" time="0.002"/>
  <testcase classname="com.testng.TestNGGroup" name="green3" time="0.002"/>
  <testcase classname="com.testng.TestNGGroup" name="green1" time="0.019"/>
</testsuite> <!-- com.testng.TestNGGroup -->
