<?xml version="1.0" encoding="UTF-8"?>
<!-- Generated by org.testng.reporters.JUnitReportReporter -->
<testsuite hostname="DESKTOP-HNG5JPV" failures="0" tests="3" name="com.testng.TestNG_webdriver" time="8.341" errors="0" timestamp="2026-03-27T08:52:09 IST" skipped="0">
  <testcase classname="com.testng.TestNG_webdriver" name="enterUsername" time="2.149"/>
  <testcase classname="com.testng.TestNG_webdriver" name="enterPassword" time="2.054"/>
  <testcase classname="com.testng.TestNG_webdriver" name="clickLogin" time="4.138"/>
</testsuite> <!-- com.testng.TestNG_webdriver -->
